<?xml version="1.0" encoding="UTF-8"?>
<!-- Generated by org.testng.reporters.JUnitReportReporter -->
<testsuite skipped="0" hostname="DESKTOP-M0UH53U" name="com.itview.extraconcepts.NewTest" tests="1" failures="0" timestamp="2022-10-28T15:16:06 IST" time="30.644" errors="0">
  <testcase name="dataDrivenCode" time="30.644" classname="com.itview.extraconcepts.NewTest"/>
  <system-out/>
</testsuite> <!-- com.itview.extraconcepts.NewTest -->
