<?xml version="1.0" encoding="UTF-8"?>
<!-- Generated by org.testng.reporters.JUnitReportReporter -->
<testsuite skipped="0" hostname="DESKTOP-M0UH53U" name="com.itview.testcases.CarHomeLoan_Test" tests="1" failures="0" timestamp="2022-11-06T09:46:13 IST" time="12.848" errors="0">
  <testcase name="test_2lakh" time="12.848" classname="com.itview.testcases.CarHomeLoan_Test"/>
  <system-out/>
</testsuite> <!-- com.itview.testcases.CarHomeLoan_Test -->
