<?xml version="1.0" encoding="UTF-8"?>
<!-- Generated by org.testng.reporters.JUnitReportReporter -->
<testsuite hostname="DESKTOP-M0UH53U" failures="0" tests="1" name="com.selenium.webobject.Code_For_Screenshot_10" time="6.637" errors="0" timestamp="2022-10-09T15:04:48 IST" skipped="0">
  <testcase classname="com.selenium.webobject.Code_For_Screenshot_10" name="Code_For_Screenshot" time="6.637"/>
  <system-out/>
</testsuite> <!-- com.selenium.webobject.Code_For_Screenshot_10 -->
