<?xml version="1.0" encoding="UTF-8"?>
<!-- Generated by org.testng.reporters.JUnitReportReporter -->
<testsuite skipped="0" hostname="DESKTOP-M0UH53U" name="com.itview.extraconcepts.BrowserCode" tests="3" failures="0" timestamp="2022-10-15T10:45:38 IST" time="32.480" errors="0">
  <testcase name="chromeBrowser" time="8.884" classname="com.itview.extraconcepts.BrowserCode"/>
  <system-out/>
  <testcase name="firefoxBrowser" time="12.350" classname="com.itview.extraconcepts.BrowserCode"/>
  <system-out/>
  <testcase name="edgeBrowser" time="11.246" classname="com.itview.extraconcepts.BrowserCode"/>
  <system-out/>
</testsuite> <!-- com.itview.extraconcepts.BrowserCode -->
