<?xml version="1.0" encoding="UTF-8"?>
<!-- Generated by org.testng.reporters.JUnitReportReporter -->
<testsuite hostname="DESKTOP-M0UH53U" failures="0" tests="3" name="com.itview.testng.LoginTestScenario" time="13.374" errors="0" timestamp="2022-10-02T10:47:46 IST" skipped="0">
  <testcase classname="com.itview.testng.LoginTestScenario" name="loginAdmin" time="7.240"/>
  <system-out/>
  <testcase classname="com.itview.testng.LoginTestScenario" name="loginTestUser" time="4.874"/>
  <system-out/>
  <testcase classname="com.itview.testng.LoginTestScenario" name="loginInvalidUser" time="1.260"/>
  <system-out/>
</testsuite> <!-- com.itview.testng.LoginTestScenario -->
