<?xml version="1.0" encoding="UTF-8"?>
<!-- Generated by org.testng.reporters.JUnitReportReporter -->
<testsuite skipped="0" hostname="DESKTOP-M0UH53U" name="com.itview.testcases.CreditCard_Test" tests="1" failures="0" timestamp="2022-11-06T09:46:13 IST" time="18.789" errors="0">
  <testcase name="outstanding_20000" time="18.789" classname="com.itview.testcases.CreditCard_Test"/>
  <system-out/>
</testsuite> <!-- com.itview.testcases.CreditCard_Test -->
