<?xml version="1.0" encoding="UTF-8"?>
<!-- Generated by org.testng.reporters.JUnitReportReporter -->
<testsuite skipped="0" hostname="DESKTOP-M0UH53U" name="com.itview.testcases.DataDrivenExcel" tests="1" failures="0" timestamp="2022-10-29T10:47:51 IST" time="14.893" errors="0">
  <testcase name="dataDrivenTest" time="14.893" classname="com.itview.testcases.DataDrivenExcel"/>
  <system-out/>
</testsuite> <!-- com.itview.testcases.DataDrivenExcel -->
