<?xml version="1.0" encoding="UTF-8"?>
<!-- Generated by org.testng.reporters.JUnitReportReporter -->
<testsuite hostname="DESKTOP-M0UH53U" failures="0" tests="2" name="com.selenium.webobject.Code_For_WindowTab_8" time="49.811" errors="0" timestamp="2022-10-09T11:54:04 IST" skipped="0">
  <testcase classname="com.selenium.webobject.Code_For_WindowTab_8" name="Tab" time="0.009"/>
  <system-out/>
  <testcase classname="com.selenium.webobject.Code_For_WindowTab_8" name="tabFlipkart" time="49.802"/>
  <system-out/>
</testsuite> <!-- com.selenium.webobject.Code_For_WindowTab_8 -->
