<?xml version="1.0" encoding="UTF-8"?>
<!-- Generated by org.testng.reporters.JUnitReportReporter -->
<testsuite hostname="DESKTOP-M0UH53U" failures="0" tests="2" name="com.itview.testng.SoftAssertTest" time="6.922" errors="0" timestamp="2022-10-02T11:56:10 IST" skipped="0">
  <testcase classname="com.itview.testng.SoftAssertTest" name="loginAdmin" time="2.713"/>
  <system-out/>
  <testcase classname="com.itview.testng.SoftAssertTest" name="logoutAdmin" time="4.209"/>
  <system-out/>
</testsuite> <!-- com.itview.testng.SoftAssertTest -->
