<?xml version="1.0" encoding="UTF-8"?>
<!-- Generated by org.testng.reporters.JUnitReportReporter -->
<testsuite hostname="DESKTOP-M0UH53U" failures="0" tests="1" name="com.selenium.webobject.NewTest" time="9.118" errors="0" timestamp="2022-10-09T12:47:58 IST" skipped="0">
  <testcase classname="com.selenium.webobject.NewTest" name="domObject" time="9.118"/>
  <system-out/>
</testsuite> <!-- com.selenium.webobject.NewTest -->
