<?xml version="1.0" encoding="UTF-8"?>
<!-- Generated by org.testng.reporters.JUnitReportReporter -->
<testsuite skipped="0" hostname="DESKTOP-M0UH53U" name="com.itview.testcases.DataDriven_DataProvider" tests="3" failures="0" timestamp="2022-10-29T11:11:14 IST" time="12.185" errors="0">
  <testcase name="dataDrivenCode" time="3.523" classname="com.itview.testcases.DataDriven_DataProvider"/>
  <system-out/>
  <testcase name="dataDrivenCode" time="5.489" classname="com.itview.testcases.DataDriven_DataProvider"/>
  <system-out/>
  <testcase name="dataDrivenCode" time="3.173" classname="com.itview.testcases.DataDriven_DataProvider"/>
  <system-out/>
</testsuite> <!-- com.itview.testcases.DataDriven_DataProvider -->
