<?xml version="1.0" encoding="UTF-8"?>
<!-- Generated by org.testng.reporters.JUnitReportReporter -->
<testsuite hostname="DESKTOP-M0UH53U" failures="0" tests="2" name="com.itview.testng.HardAssertTest" time="7.174" errors="0" timestamp="2022-10-02T11:43:34 IST" skipped="0">
  <testcase classname="com.itview.testng.HardAssertTest" name="loginAdmin" time="3.025"/>
  <system-out/>
  <testcase classname="com.itview.testng.HardAssertTest" name="logoutAdmin" time="4.149"/>
  <system-out/>
</testsuite> <!-- com.itview.testng.HardAssertTest -->
