<?xml version="1.0" encoding="UTF-8"?>
<!-- Generated by org.testng.reporters.JUnitReportReporter -->
<testsuite hostname="DESKTOP-M0UH53U" failures="0" tests="3" name="com.itview.testng.WebObjectTest" time="5.559" errors="0" timestamp="2022-10-08T11:53:43 IST" skipped="0">
  <testcase classname="com.itview.testng.WebObjectTest" name="handleTextField" time="5.138"/>
  <system-out/>
  <testcase classname="com.itview.testng.WebObjectTest" name="handleRadiobuttonCheckbox" time="0.167"/>
  <system-out/>
  <testcase classname="com.itview.testng.WebObjectTest" name="handleDropDownList" time="0.254"/>
  <system-out/>
</testsuite> <!-- com.itview.testng.WebObjectTest -->
