<?xml version="1.0" encoding="UTF-8"?>
<!-- Generated by org.testng.reporters.JUnitReportReporter -->
<testsuite hostname="DESKTOP-M0UH53U" failures="0" tests="1" name="com.itview.testng.LoginOrangeHRM" time="16.961" errors="0" timestamp="2022-10-02T10:47:46 IST" skipped="0">
  <testcase classname="com.itview.testng.LoginOrangeHRM" name="loginAdminOrangeHRM" time="16.961"/>
  <system-out/>
</testsuite> <!-- com.itview.testng.LoginOrangeHRM -->
