<?xml version="1.0" encoding="UTF-8"?>
<!-- Generated by org.testng.reporters.JUnitReportReporter -->
<testsuite hostname="DESKTOP-M0UH53U" failures="0" tests="1" name="com.itview.testng.NewTest" time="10.039" errors="0" timestamp="2022-10-08T13:05:18 IST" skipped="0">
  <testcase classname="com.itview.testng.NewTest" name="domObject" time="10.039"/>
  <system-out/>
</testsuite> <!-- com.itview.testng.NewTest -->
