<?xml version="1.0" encoding="UTF-8"?>
<!-- Generated by org.testng.reporters.JUnitReportReporter -->
<testsuite skipped="0" hostname="DESKTOP-M0UH53U" name="com.itview.testcases.DataDrivenExcel_KeywordDriven" tests="1" failures="0" timestamp="2022-10-29T11:31:47 IST" time="20.274" errors="0">
  <testcase name="dataDrivenTest" time="20.274" classname="com.itview.testcases.DataDrivenExcel_KeywordDriven"/>
  <system-out/>
</testsuite> <!-- com.itview.testcases.DataDrivenExcel_KeywordDriven -->
