<?xml version="1.0" encoding="UTF-8"?>
<!-- Generated by org.testng.reporters.JUnitReportReporter -->
<testsuite skipped="0" hostname="DESKTOP-M0UH53U" name="com.selenium.webobject.Code_For_CountElements_1" tests="1" failures="0" timestamp="2022-10-12T22:53:18 IST" time="6.810" errors="0">
  <testcase name="CountWebElement" time="6.810" classname="com.selenium.webobject.Code_For_CountElements_1"/>
  <system-out/>
</testsuite> <!-- com.selenium.webobject.Code_For_CountElements_1 -->
